SF:lib/features/home/domain/entity/job_entity.dart
DA:11,1
DA:20,0
DA:22,0
LF:3
LH:1
end_of_record
SF:lib/core/failure/failure.dart
DA:5,1
LF:1
LH:1
end_of_record
SF:lib/features/home/domain/usecases/job_usecase.dart
DA:7,0
DA:8,0
DA:14,0
DA:16,0
DA:17,0
LF:5
LH:0
end_of_record
SF:lib/features/home/presentation/viewmodel/job_view_model.dart
DA:5,3
DA:6,0
DA:7,0
DA:14,3
DA:15,1
DA:18,0
DA:19,0
DA:20,0
DA:23,1
DA:24,4
DA:26,3
DA:28,1
DA:29,0
DA:30,1
DA:32,2
DA:34,1
DA:35,1
DA:36,4
DA:44,1
DA:45,3
DA:47,0
DA:50,1
LF:22
LH:15
end_of_record
SF:lib/app/constants/api_endpoint.dart
DA:2,0
LF:1
LH:0
end_of_record
SF:lib/app/constants/hive_table_constant.dart
DA:2,0
LF:1
LH:0
end_of_record
SF:lib/app/navigator/navigator.dart
DA:5,0
DA:8,0
DA:9,0
DA:10,0
DA:11,0
DA:16,0
DA:17,0
DA:18,0
DA:19,0
DA:24,0
DA:25,0
DA:26,0
LF:12
LH:0
end_of_record
SF:lib/app/navigator_key/navigator_key.dart
DA:4,0
DA:6,0
LF:2
LH:0
end_of_record
SF:lib/app/themes/theme_notifier.dart
DA:5,0
DA:7,0
DA:8,0
DA:11,0
DA:12,0
DA:17,0
DA:18,0
LF:7
LH:0
end_of_record
SF:lib/core/common/provider/internet_connectivity.dart
DA:8,0
DA:9,0
DA:10,0
DA:17,0
DA:18,0
DA:20,0
DA:21,0
DA:22,0
DA:23,0
DA:25,0
DA:27,0
DA:28,0
DA:29,0
LF:13
LH:0
end_of_record
SF:lib/core/networking/local/hive_service.dart
DA:7,0
DA:10,0
DA:11,0
DA:12,0
DA:16,0
DA:19,0
DA:20,0
DA:21,0
DA:24,0
DA:25,0
DA:26,0
DA:27,0
DA:32,0
DA:33,0
DA:34,0
DA:35,0
DA:36,0
LF:17
LH:0
end_of_record
SF:lib/features/auth/data/model/auth_hive_model.dart
DA:9,0
DA:10,0
DA:31,0
DA:37,0
DA:40,0
DA:41,0
DA:49,0
DA:50,0
DA:51,0
DA:52,0
DA:53,0
DA:54,0
DA:58,0
DA:59,0
DA:60,0
DA:61,0
DA:62,0
DA:63,0
DA:67,0
DA:68,0
DA:70,0
DA:72,0
LF:22
LH:0
end_of_record
SF:lib/features/auth/data/model/auth_hive_model.g.dart
DA:13,0
DA:15,0
DA:16,0
DA:17,0
DA:19,0
DA:20,0
DA:21,0
DA:22,0
DA:23,0
DA:24,0
DA:28,0
DA:31,0
DA:32,0
DA:33,0
DA:34,0
DA:35,0
DA:36,0
DA:37,0
DA:38,0
DA:39,0
DA:40,0
DA:41,0
DA:44,0
DA:45,0
DA:47,0
DA:50,0
DA:51,0
DA:52,0
LF:28
LH:0
end_of_record
SF:lib/core/networking/remote/dio_error_interceptor.dart
DA:4,0
DA:6,0
DA:8,0
DA:9,0
DA:10,0
DA:11,0
DA:12,0
DA:13,0
DA:16,0
DA:17,0
DA:18,0
DA:20,0
DA:25,0
DA:26,0
DA:28,0
DA:31,0
LF:16
LH:0
end_of_record
SF:lib/core/networking/remote/http_service.dart
DA:8,0
DA:9,0
DA:15,0
DA:17,0
DA:18,0
DA:19,0
DA:20,0
DA:21,0
DA:22,0
DA:23,0
DA:25,0
LF:11
LH:0
end_of_record
SF:lib/core/shared_prefs/applicant_shared_prefs.dart
DA:6,0
DA:7,0
DA:14,0
DA:16,0
DA:17,0
DA:18,0
DA:20,0
DA:25,0
DA:27,0
DA:28,0
DA:29,0
DA:31,0
DA:36,0
DA:39,0
DA:40,0
DA:41,0
DA:43,0
DA:45,0
DA:50,0
DA:52,0
DA:53,0
DA:54,0
DA:55,0
DA:56,0
DA:58,0
DA:60,0
DA:65,0
DA:67,0
DA:68,0
DA:69,0
DA:71,0
DA:76,0
DA:78,0
DA:79,0
DA:80,0
DA:82,0
LF:36
LH:0
end_of_record
SF:lib/features/auth/data/data_source/auth_local_data_source.dart
DA:8,0
DA:9,0
DA:10,0
DA:11,0
DA:19,0
DA:21,0
DA:23,0
DA:26,0
DA:30,0
DA:35,0
DA:38,0
LF:11
LH:0
end_of_record
SF:lib/features/auth/domain/entity/auth_entity.dart
DA:11,3
DA:20,2
DA:21,0
DA:28,0
DA:29,0
LF:5
LH:2
end_of_record
SF:lib/features/auth/data/data_source/auth_remote_data_source.dart
DA:11,0
DA:12,0
DA:13,0
DA:14,0
DA:22,0
DA:24,0
DA:26,0
DA:28,0
DA:29,0
DA:30,0
DA:31,0
DA:32,0
DA:35,0
DA:38,0
DA:39,0
DA:40,0
DA:41,0
DA:45,0
DA:46,0
DA:47,0
DA:48,0
DA:49,0
DA:86,0
DA:91,0
DA:93,0
DA:98,0
DA:99,0
DA:101,0
DA:104,0
DA:105,0
DA:106,0
DA:107,0
DA:111,0
DA:112,0
DA:113,0
DA:114,0
DA:115,0
DA:121,0
DA:125,0
DA:126,0
DA:127,0
DA:128,0
DA:131,0
DA:133,0
DA:134,0
DA:138,0
DA:140,0
DA:142,0
DA:144,0
DA:145,0
DA:146,0
DA:147,0
DA:151,0
DA:152,0
DA:153,0
DA:154,0
DA:155,0
LF:57
LH:0
end_of_record
SF:lib/features/auth/data/dto/get_current_user_dto.dart
DA:14,0
DA:21,0
DA:22,0
DA:23,0
DA:26,0
DA:27,0
DA:29,0
LF:7
LH:0
end_of_record
SF:lib/features/auth/data/dto/get_current_user_dto.g.dart
DA:9,0
DA:11,0
DA:12,0
DA:13,0
DA:14,0
DA:15,0
DA:18,0
DA:20,0
DA:21,0
DA:22,0
DA:23,0
DA:24,0
LF:12
LH:0
end_of_record
SF:lib/features/auth/data/repository/auth_local_repository.dart
DA:8,0
DA:9,0
DA:10,0
DA:17,0
DA:19,0
DA:21,0
DA:24,0
DA:26,0
DA:29,0
DA:32,0
LF:10
LH:0
end_of_record
SF:lib/features/auth/domain/repository/auth_repository.dart
DA:9,0
DA:10,0
DA:14,0
DA:15,0
DA:17,0
LF:5
LH:0
end_of_record
SF:lib/features/auth/data/repository/auth_remote_repository.dart
DA:8,0
DA:9,0
DA:10,0
DA:16,0
DA:23,0
DA:25,0
DA:28,0
DA:30,0
DA:33,0
DA:35,0
LF:10
LH:0
end_of_record
SF:lib/features/auth/domain/usecases/auth_usecase.dart
DA:8,0
DA:9,0
DA:15,0
DA:21,0
DA:22,0
DA:23,0
DA:26,0
DA:28,0
DA:31,0
DA:32,0
LF:10
LH:0
end_of_record
SF:lib/features/home/presentation/navigator/home_navigator.dart
DA:6,0
DA:7,0
DA:13,0
DA:14,0
LF:4
LH:0
end_of_record
SF:lib/features/auth/presentation/navigator/register_navigator.dart
DA:6,0
DA:7,0
DA:13,0
DA:14,0
LF:4
LH:0
end_of_record
SF:lib/features/auth/presentation/navigator/login_navigator.dart
DA:7,0
DA:8,0
DA:13,0
DA:14,0
LF:4
LH:0
end_of_record
SF:lib/features/auth/presentation/view/login_view.dart
DA:6,2
DA:8,0
DA:9,0
DA:19,0
DA:21,0
DA:23,0
DA:24,0
DA:25,0
DA:26,0
DA:27,0
DA:28,0
DA:29,0
DA:30,0
DA:31,0
DA:34,0
DA:35,0
DA:36,0
DA:38,0
DA:40,0
DA:42,0
DA:43,0
DA:56,0
DA:58,0
DA:62,0
DA:63,0
DA:72,0
DA:74,0
DA:78,0
DA:79,0
DA:109,0
DA:112,0
DA:113,0
DA:114,0
DA:115,0
DA:116,0
DA:117,0
DA:118,0
DA:119,0
DA:129,0
DA:131,0
DA:136,0
DA:138,0
DA:147,0
DA:149,0
DA:167,0
DA:169,0
DA:174,0
DA:175,0
DA:176,0
DA:177,0
DA:178,0
LF:51
LH:1
end_of_record
SF:lib/features/auth/presentation/view/register_view.dart
DA:7,2
DA:9,0
DA:10,0
DA:22,0
DA:24,0
DA:26,0
DA:27,0
DA:28,0
DA:29,0
DA:30,0
DA:31,0
DA:32,0
DA:33,0
DA:34,0
DA:35,0
DA:40,0
DA:43,0
DA:46,0
DA:50,0
DA:62,0
DA:63,0
DA:64,0
DA:66,0
DA:68,0
DA:70,0
DA:71,0
DA:83,0
DA:84,0
DA:89,0
DA:90,0
DA:99,0
DA:100,0
DA:105,0
DA:106,0
DA:115,0
DA:116,0
DA:121,0
DA:122,0
DA:131,0
DA:132,0
DA:137,0
DA:138,0
DA:147,0
DA:148,0
DA:153,0
DA:154,0
DA:166,0
DA:169,0
DA:170,0
DA:171,0
DA:172,0
DA:173,0
DA:174,0
DA:175,0
DA:176,0
DA:179,0
DA:180,0
DA:181,0
DA:190,0
DA:192,0
DA:194,0
DA:195,0
DA:215,0
DA:217,0
DA:222,0
DA:223,0
DA:224,0
LF:67
LH:1
end_of_record
SF:lib/features/auth/presentation/state/auth_state.dart
DA:6,1
DA:12,1
DA:13,1
DA:20,1
DA:25,1
DA:26,0
DA:27,1
DA:32,0
DA:33,0
LF:9
LH:6
end_of_record
SF:lib/features/auth/presentation/viewmodel/auth_view_model.dart
DA:9,3
DA:10,0
DA:11,0
DA:12,0
DA:13,0
DA:14,0
DA:18,1
DA:20,2
DA:26,1
DA:27,3
DA:28,2
DA:29,1
DA:30,0
DA:31,0
DA:33,0
DA:39,1
DA:40,3
DA:47,1
DA:51,3
DA:52,2
DA:53,1
DA:54,0
DA:55,0
DA:60,1
DA:61,3
DA:62,1
DA:67,1
DA:68,3
DA:69,2
DA:70,1
DA:71,0
DA:72,0
DA:75,1
DA:76,3
DA:81,0
DA:82,0
DA:85,0
DA:86,0
DA:89,1
DA:90,2
LF:40
LH:24
end_of_record
SF:lib/features/home/data/data_source/remote/jobs_remote_data_source.dart
DA:9,0
DA:10,0
DA:11,0
DA:18,0
DA:20,0
DA:22,0
DA:24,0
DA:29,0
DA:30,0
DA:32,0
DA:33,0
DA:34,0
DA:36,0
DA:37,0
DA:38,0
DA:39,0
DA:40,0
DA:41,0
DA:42,0
DA:44,0
DA:45,0
DA:47,0
DA:48,0
DA:50,0
DA:54,0
DA:55,0
DA:56,0
DA:57,0
DA:60,0
DA:61,0
DA:62,0
DA:63,0
DA:64,0
DA:67,0
DA:68,0
DA:69,0
LF:36
LH:0
end_of_record
SF:lib/features/home/data/repository/job_remote_repository.dart
DA:8,0
DA:9,0
DA:10,0
DA:17,0
DA:19,0
DA:21,0
LF:6
LH:0
end_of_record
SF:lib/features/home/domain/repository/job_repository.dart
DA:8,0
DA:9,0
LF:2
LH:0
end_of_record
SF:lib/features/home/presentation/view/home_screen.dart
DA:7,2
DA:9,0
DA:10,0
DA:21,0
DA:23,0
DA:24,0
DA:25,0
DA:44,0
DA:45,0
DA:46,0
DA:47,0
LF:11
LH:1
end_of_record
SF:lib/features/home/presentation/state/job_state.dart
DA:11,3
DA:19,1
DA:29,1
DA:36,1
DA:37,0
DA:38,1
DA:39,1
DA:40,1
DA:41,1
DA:45,0
DA:46,0
DA:48,0
DA:50,0
LF:13
LH:8
end_of_record
SF:lib/features/home/presentation/view/bottom_view/jobs_view.dart
DA:8,2
DA:10,0
DA:11,0
DA:21,0
DA:23,0
DA:26,0
DA:27,0
DA:31,0
DA:36,0
DA:37,0
DA:38,0
DA:39,0
DA:40,0
DA:42,0
DA:43,0
DA:44,0
DA:45,0
DA:49,0
DA:66,0
DA:68,0
DA:69,0
DA:72,0
DA:74,0
DA:75,0
DA:77,0
DA:78,0
DA:79,0
DA:80,0
DA:84,0
DA:85,0
DA:87,0
DA:88,0
DA:90,0
DA:91,0
DA:96,0
DA:97,0
DA:98,0
DA:100,0
DA:101,0
DA:102,0
DA:103,0
DA:104,0
DA:106,0
DA:107,0
DA:108,0
DA:111,0
DA:112,0
DA:114,0
DA:115,0
DA:116,0
DA:117,0
DA:120,0
DA:122,0
DA:124,0
DA:125,0
DA:127,0
LF:56
LH:1
end_of_record
SF:lib/features/home/presentation/view/bottom_view/resume_view.dart
DA:5,2
DA:7,0
DA:8,0
DA:12,0
LF:4
LH:1
end_of_record
